<?xml version="1.0" encoding="UTF-8"?>
<testng-results ignored="0" total="1" passed="1" failed="0" skipped="0">
  <reporter-output>
  </reporter-output>
  <suite started-at="2024-09-21T16:16:32 EEST" name="Default suite" finished-at="2024-09-21T16:16:47 EEST" duration-ms="15453">
    <groups>
    </groups>
    <test started-at="2024-09-21T16:16:32 EEST" name="Default test" finished-at="2024-09-21T16:16:47 EEST" duration-ms="15453">
      <class name="Task1_OpenAmazon.searchEmptyString">
        <test-method is-config="true" signature="openBrowser()[pri:0, instance:Task1_OpenAmazon.searchEmptyString@1ffaf86]" started-at="2024-09-21T16:16:32 EEST" name="openBrowser" finished-at="2024-09-21T16:16:41 EEST" duration-ms="8835" status="PASS">
          <reporter-output>
          </reporter-output>
        </test-method> <!-- openBrowser -->
        <test-method signature="SearchEmptyString()[pri:0, instance:Task1_OpenAmazon.searchEmptyString@1ffaf86]" started-at="2024-09-21T16:16:41 EEST" name="SearchEmptyString" finished-at="2024-09-21T16:16:45 EEST" duration-ms="4852" status="PASS">
          <reporter-output>
          </reporter-output>
        </test-method> <!-- SearchEmptyString -->
        <test-method is-config="true" signature="tearDown()[pri:0, instance:Task1_OpenAmazon.searchEmptyString@1ffaf86]" started-at="2024-09-21T16:16:45 EEST" name="tearDown" finished-at="2024-09-21T16:16:47 EEST" duration-ms="1733" status="PASS">
          <reporter-output>
          </reporter-output>
        </test-method> <!-- tearDown -->
      </class> <!-- Task1_OpenAmazon.searchEmptyString -->
    </test> <!-- Default test -->
  </suite> <!-- Default suite -->
</testng-results>
